2025-11-11 07:52:19,495 - root - INFO - start the insertion sort method 
2025-11-11 07:52:19,495 - root - DEBUG - The function received a list.
2025-11-11 07:52:19,495 - root - DEBUG - List filter started
2025-11-11 07:52:19,495 - root - DEBUG - list filter ended
2025-11-11 07:52:19,495 - root - DEBUG - The function is sorting the list.
2025-11-11 07:52:19,495 - root - DEBUG - The function is sorting the list.
2025-11-11 07:52:19,495 - root - DEBUG - The function is sorting the list.
2025-11-11 07:52:19,495 - root - DEBUG - The function is sorting the list.
2025-11-11 07:52:19,495 - root - DEBUG - The function is sorting the list.
2025-11-11 07:52:19,495 - root - DEBUG - The function is sorting the list.
2025-11-11 07:52:19,495 - root - DEBUG - The function is sorting the list.
2025-11-11 07:52:19,495 - root - DEBUG - the list is sorted
2025-11-11 07:53:12,643 - root - INFO - start the insertion sort method 
2025-11-11 07:53:12,643 - root - DEBUG - The function received a list.
2025-11-11 07:53:12,643 - root - DEBUG - List filter started
2025-11-11 07:53:12,643 - root - DEBUG - list filter ended
2025-11-11 07:53:12,643 - root - DEBUG - The function is sorting the list.
2025-11-11 07:53:12,643 - root - DEBUG - The function is sorting the list.
2025-11-11 07:53:12,643 - root - DEBUG - The function is sorting the list.
2025-11-11 07:53:12,643 - root - DEBUG - The function is sorting the list.
2025-11-11 07:53:12,643 - root - DEBUG - The function is sorting the list.
2025-11-11 07:53:12,643 - root - DEBUG - The function is sorting the list.
2025-11-11 07:53:12,643 - root - DEBUG - The function is sorting the list.
2025-11-11 07:53:12,643 - root - DEBUG - the list is sorted
2025-11-11 07:53:12,643 - root - INFO - the insertion sort method ended
2025-11-11 07:54:39,892 - root - INFO - start the insertion sort method 
2025-11-11 07:54:39,892 - root - DEBUG - The function received a list.
2025-11-11 07:54:39,892 - root - DEBUG - List filter started
2025-11-11 07:54:39,892 - root - DEBUG - list filter ended
2025-11-11 07:54:39,892 - root - DEBUG - The function is sorting the list.
2025-11-11 07:54:39,892 - root - DEBUG - the list is sorted
2025-11-11 07:54:39,892 - root - INFO - the insertion sort method ended
2025-11-11 07:55:20,980 - root - INFO - start the insertion sort method 
2025-11-11 07:55:20,980 - root - DEBUG - The function received a list.
2025-11-11 07:55:20,980 - root - DEBUG - List filter started
2025-11-11 07:55:20,980 - root - ERROR - You cannot enter a string.
2025-11-11 07:55:20,981 - root - DEBUG - list filter ended
2025-11-11 07:55:20,981 - root - WARNING - The program cannot sort these values: ['salam']
2025-11-11 07:55:20,981 - root - DEBUG - The function is sorting the list.
2025-11-11 07:55:20,981 - root - DEBUG - the list is sorted
2025-11-11 07:55:20,981 - root - INFO - the insertion sort method ended
2025-11-11 08:01:04,730 - root - INFO - start the insertion sort method 
2025-11-11 08:01:04,730 - root - DEBUG - The function received a list.
2025-11-11 08:01:04,730 - root - DEBUG - List filter started
2025-11-11 08:01:04,730 - root - ERROR - You cannot enter a string.
2025-11-11 08:01:04,730 - root - DEBUG - list filter ended
2025-11-11 08:01:04,730 - root - WARNING - The program cannot sort these values: ['salam']
2025-11-11 08:01:04,730 - root - DEBUG - The function is sorting the list.
2025-11-11 08:01:04,730 - root - DEBUG - the list is sorted
2025-11-11 08:01:04,730 - root - INFO - the insertion sort method ended
2025-11-11 08:02:00,920 - root - INFO - start the insertion sort method 
2025-11-11 08:02:00,920 - root - DEBUG - The function received a list.
2025-11-11 08:02:00,920 - root - DEBUG - List filter started
2025-11-11 08:02:00,920 - root - ERROR - You cannot enter a string.
2025-11-11 08:02:00,920 - root - DEBUG - list filter ended
2025-11-11 08:02:00,920 - root - WARNING - The program cannot sort these values: ['salam']
2025-11-11 08:02:00,920 - root - DEBUG - The function is sorting the list.
2025-11-11 08:02:00,920 - root - DEBUG - the list is sorted
2025-11-11 08:02:00,920 - root - INFO - the insertion sort method ended
